<?xml version="1.0" encoding="UTF-8"?>
<!-- Generated by org.testng.reporters.JUnitReportReporter -->
<testsuite hostname="DESKTOP-P416J5O" failures="0" tests="1" name="testNG_EX.WB_testNG" time="14.600" errors="0" timestamp="2024-02-07T13:10:02 IST" skipped="0">
  <testcase classname="testNG_EX.WB_testNG" name="tc001" time="14.600">
    <system-out>
      <![CDATA[Application opened
Login completed]]>
    </system-out>
  </testcase> <!-- tc001 -->
  <system-out>
    <![CDATA[Application opened
Login completed]]>
  </system-out>
</testsuite> <!-- testNG_EX.WB_testNG -->
