<?xml version="1.0" encoding="UTF-8"?>
<!-- Generated by org.testng.reporters.JUnitReportReporter -->
<testsuite hostname="DESKTOP-P416J5O" failures="0" tests="2" name="testNG_EX.testNG_1" time="0.014" errors="0" timestamp="2024-02-07T13:00:51 IST" skipped="0">
  <testcase classname="testNG_EX.testNG_1" name="delEmployee" time="0.012"/>
  <testcase classname="testNG_EX.testNG_1" name="addEmployee" time="0.002"/>
</testsuite> <!-- testNG_EX.testNG_1 -->
